Kotlin does not yet support 25 JDK target, falling back to Kotlin JVM_24 JVM target
> Task :buildSrc:checkKotlinGradlePluginConfigurationErrors SKIPPED
> Task :buildSrc:generateExternalPluginSpecBuilders UP-TO-DATE
> Task :buildSrc:extractPrecompiledScriptPluginPlugins UP-TO-DATE
> Task :buildSrc:compilePluginsBlocks UP-TO-DATE
> Task :buildSrc:generatePrecompiledScriptPluginAccessors UP-TO-DATE
> Task :buildSrc:generateScriptPluginAdapters UP-TO-DATE

> Task :buildSrc:compileKotlin UP-TO-DATE
Kotlin does not yet support 25 JDK target, falling back to Kotlin JVM_24 JVM target

> Task :buildSrc:compileJava NO-SOURCE
> Task :buildSrc:compileGroovy NO-SOURCE
> Task :buildSrc:pluginDescriptors UP-TO-DATE
> Task :buildSrc:processResources UP-TO-DATE
> Task :buildSrc:classes UP-TO-DATE
> Task :buildSrc:jar UP-TO-DATE

> Configure project :app
-------------------
isMaster: false
gitAvailable: true
allCommitted: false
-------------------

> Task :core:objects:checkKotlinGradlePluginConfigurationErrors SKIPPED
> Task :core:interfaces:checkKotlinGradlePluginConfigurationErrors SKIPPED
> Task :core:validators:checkKotlinGradlePluginConfigurationErrors SKIPPED
> Task :plugins:aps:checkKotlinGradlePluginConfigurationErrors SKIPPED
> Task :core:ui:preBuild UP-TO-DATE
> Task :core:data:checkKotlinGradlePluginConfigurationErrors SKIPPED
> Task :core:utils:preBuild UP-TO-DATE
> Task :core:nssdk:checkKotlinGradlePluginConfigurationErrors SKIPPED
> Task :core:keys:checkKotlinGradlePluginConfigurationErrors SKIPPED
> Task :core:interfaces:preBuild UP-TO-DATE
> Task :core:utils:prePumpcontrolDebugBuild UP-TO-DATE
> Task :plugins:aps:preBuild UP-TO-DATE
> Task :core:validators:preBuild UP-TO-DATE
> Task :core:interfaces:prePumpcontrolDebugBuild UP-TO-DATE
> Task :core:ui:prePumpcontrolDebugBuild UP-TO-DATE
> Task :plugins:aps:prePumpcontrolDebugBuild UP-TO-DATE
> Task :core:objects:preBuild UP-TO-DATE
> Task :core:nssdk:preBuild UP-TO-DATE
> Task :core:objects:prePumpcontrolDebugBuild UP-TO-DATE
> Task :core:validators:prePumpcontrolDebugBuild UP-TO-DATE
> Task :core:nssdk:prePumpcontrolDebugBuild UP-TO-DATE
> Task :core:keys:compileKotlin UP-TO-DATE
> Task :core:data:compileKotlin UP-TO-DATE
> Task :core:keys:compileJava NO-SOURCE
> Task :core:data:compileJava NO-SOURCE
> Task :core:keys:processResources NO-SOURCE
> Task :core:data:processResources NO-SOURCE
> Task :core:keys:classes UP-TO-DATE
> Task :core:data:classes UP-TO-DATE
> Task :core:keys:jar UP-TO-DATE
> Task :core:data:jar UP-TO-DATE
> Task :core:nssdk:dataBindingMergeDependencyArtifactsPumpcontrolDebug UP-TO-DATE
> Task :core:nssdk:generatePumpcontrolDebugResValues UP-TO-DATE
> Task :core:nssdk:generatePumpcontrolDebugResources UP-TO-DATE
> Task :core:nssdk:packagePumpcontrolDebugResources UP-TO-DATE
> Task :core:nssdk:processPumpcontrolDebugNavigationResources UP-TO-DATE
> Task :core:nssdk:parsePumpcontrolDebugLocalResources UP-TO-DATE
> Task :core:nssdk:dataBindingGenBaseClassesPumpcontrolDebug UP-TO-DATE
> Task :core:nssdk:generatePumpcontrolDebugRFile UP-TO-DATE
> Task :core:ui:dataBindingMergeDependencyArtifactsPumpcontrolDebug UP-TO-DATE
> Task :core:ui:generatePumpcontrolDebugResValues UP-TO-DATE
> Task :core:ui:generatePumpcontrolDebugResources UP-TO-DATE
> Task :core:validators:dataBindingMergeDependencyArtifactsPumpcontrolDebug UP-TO-DATE
> Task :core:validators:generatePumpcontrolDebugResValues UP-TO-DATE
> Task :core:ui:packagePumpcontrolDebugResources UP-TO-DATE
> Task :core:validators:generatePumpcontrolDebugResources UP-TO-DATE
> Task :core:ui:processPumpcontrolDebugNavigationResources UP-TO-DATE
> Task :core:interfaces:dataBindingMergeDependencyArtifactsPumpcontrolDebug UP-TO-DATE
> Task :core:interfaces:generatePumpcontrolDebugResValues UP-TO-DATE
> Task :core:interfaces:generatePumpcontrolDebugResources UP-TO-DATE
> Task :core:ui:parsePumpcontrolDebugLocalResources UP-TO-DATE
> Task :core:validators:packagePumpcontrolDebugResources UP-TO-DATE
> Task :core:ui:generatePumpcontrolDebugRFile UP-TO-DATE
> Task :core:interfaces:packagePumpcontrolDebugResources UP-TO-DATE
> Task :core:ui:checkKotlinGradlePluginConfigurationErrors SKIPPED
> Task :core:validators:processPumpcontrolDebugNavigationResources UP-TO-DATE
> Task :core:interfaces:processPumpcontrolDebugNavigationResources UP-TO-DATE
> Task :core:ui:javaPreCompilePumpcontrolDebug UP-TO-DATE
> Task :core:validators:parsePumpcontrolDebugLocalResources UP-TO-DATE
> Task :core:interfaces:parsePumpcontrolDebugLocalResources UP-TO-DATE
> Task :core:validators:generatePumpcontrolDebugRFile UP-TO-DATE
> Task :core:interfaces:dataBindingGenBaseClassesPumpcontrolDebug UP-TO-DATE
> Task :core:interfaces:generatePumpcontrolDebugRFile UP-TO-DATE
> Task :core:nssdk:compilePumpcontrolDebugKotlin UP-TO-DATE
> Task :core:nssdk:javaPreCompilePumpcontrolDebug UP-TO-DATE
> Task :core:nssdk:compilePumpcontrolDebugJavaWithJavac NO-SOURCE
> Task :core:nssdk:bundleLibCompileToJarPumpcontrolDebug UP-TO-DATE
> Task :core:validators:javaPreCompilePumpcontrolDebug UP-TO-DATE
> Task :core:ui:dataBindingGenBaseClassesPumpcontrolDebug UP-TO-DATE
> Task :core:utils:dataBindingMergeDependencyArtifactsPumpcontrolDebug UP-TO-DATE
> Task :core:utils:generatePumpcontrolDebugResValues UP-TO-DATE
> Task :core:utils:generatePumpcontrolDebugResources UP-TO-DATE
> Task :core:validators:dataBindingGenBaseClassesPumpcontrolDebug UP-TO-DATE
> Task :core:objects:dataBindingMergeDependencyArtifactsPumpcontrolDebug UP-TO-DATE
> Task :core:utils:packagePumpcontrolDebugResources UP-TO-DATE
> Task :core:utils:processPumpcontrolDebugNavigationResources UP-TO-DATE
> Task :core:objects:generatePumpcontrolDebugResValues UP-TO-DATE
> Task :core:utils:parsePumpcontrolDebugLocalResources UP-TO-DATE
> Task :core:objects:generatePumpcontrolDebugResources UP-TO-DATE
> Task :plugins:aps:dataBindingMergeDependencyArtifactsPumpcontrolDebug UP-TO-DATE
> Task :plugins:aps:generatePumpcontrolDebugResValues UP-TO-DATE
> Task :core:objects:packagePumpcontrolDebugResources UP-TO-DATE
> Task :plugins:aps:generatePumpcontrolDebugResources UP-TO-DATE
> Task :core:objects:processPumpcontrolDebugNavigationResources UP-TO-DATE
> Task :core:objects:parsePumpcontrolDebugLocalResources UP-TO-DATE
> Task :core:objects:generatePumpcontrolDebugRFile UP-TO-DATE
> Task :plugins:aps:packagePumpcontrolDebugResources UP-TO-DATE
> Task :plugins:aps:processPumpcontrolDebugNavigationResources UP-TO-DATE
> Task :core:objects:javaPreCompilePumpcontrolDebug UP-TO-DATE
> Task :plugins:aps:parsePumpcontrolDebugLocalResources UP-TO-DATE
> Task :core:utils:dataBindingGenBaseClassesPumpcontrolDebug UP-TO-DATE
> Task :plugins:aps:generatePumpcontrolDebugRFile UP-TO-DATE
> Task :core:utils:generatePumpcontrolDebugRFile UP-TO-DATE
> Task :core:utils:checkKotlinGradlePluginConfigurationErrors SKIPPED
> Task :core:interfaces:compilePumpcontrolDebugKotlin UP-TO-DATE
> Task :core:interfaces:javaPreCompilePumpcontrolDebug UP-TO-DATE
> Task :core:interfaces:compilePumpcontrolDebugJavaWithJavac NO-SOURCE
> Task :core:interfaces:bundleLibCompileToJarPumpcontrolDebug UP-TO-DATE
> Task :core:objects:dataBindingGenBaseClassesPumpcontrolDebug UP-TO-DATE
> Task :core:ui:compilePumpcontrolDebugKotlin UP-TO-DATE
> Task :plugins:aps:dataBindingGenBaseClassesPumpcontrolDebug UP-TO-DATE
> Task :core:validators:kspPumpcontrolDebugKotlin UP-TO-DATE
> Task :core:utils:compilePumpcontrolDebugKotlin UP-TO-DATE
> Task :core:utils:javaPreCompilePumpcontrolDebug UP-TO-DATE
> Task :core:ui:compilePumpcontrolDebugJavaWithJavac UP-TO-DATE
> Task :core:utils:compilePumpcontrolDebugJavaWithJavac NO-SOURCE
> Task :core:ui:bundleLibCompileToJarPumpcontrolDebug UP-TO-DATE
> Task :core:utils:bundleLibCompileToJarPumpcontrolDebug UP-TO-DATE
> Task :core:validators:compilePumpcontrolDebugKotlin UP-TO-DATE
> Task :core:objects:kspPumpcontrolDebugKotlin UP-TO-DATE
> Task :core:validators:compilePumpcontrolDebugJavaWithJavac UP-TO-DATE
> Task :core:validators:bundleLibCompileToJarPumpcontrolDebug UP-TO-DATE
> Task :core:objects:compilePumpcontrolDebugKotlin UP-TO-DATE
> Task :core:objects:compilePumpcontrolDebugJavaWithJavac UP-TO-DATE
> Task :core:objects:bundleLibCompileToJarPumpcontrolDebug UP-TO-DATE
> Task :plugins:aps:kspPumpcontrolDebugKotlin UP-TO-DATE

> Task :plugins:aps:compilePumpcontrolDebugKotlin FAILED
e: file:///Users/mtr/StudioProjects/OpenApsAIMI/plugins/aps/src/main/kotlin/app/aaps/plugins/aps/openAPSAIMI/DetermineBasalAIMI2.kt:3384:13 Conflicting declarations:
local val profileISF_raw: Double
local val profileISF_raw: Double
e: file:///Users/mtr/StudioProjects/OpenApsAIMI/plugins/aps/src/main/kotlin/app/aaps/plugins/aps/openAPSAIMI/DetermineBasalAIMI2.kt:3413:29 Unresolved reference 'systemTime'.
e: file:///Users/mtr/StudioProjects/OpenApsAIMI/plugins/aps/src/main/kotlin/app/aaps/plugins/aps/openAPSAIMI/DetermineBasalAIMI2.kt:3415:15 Unresolved reference 'systemTime'.
e: file:///Users/mtr/StudioProjects/OpenApsAIMI/plugins/aps/src/main/kotlin/app/aaps/plugins/aps/openAPSAIMI/DetermineBasalAIMI2.kt:3496:13 Conflicting declarations:
local val profileISF_raw: Double
local val profileISF_raw: Double
e: file:///Users/mtr/StudioProjects/OpenApsAIMI/plugins/aps/src/main/kotlin/app/aaps/plugins/aps/openAPSAIMI/DetermineBasalAIMI2.kt:3718:77 Unresolved reference 'systemTime'.
e: file:///Users/mtr/StudioProjects/OpenApsAIMI/plugins/aps/src/main/kotlin/app/aaps/plugins/aps/openAPSAIMI/DetermineBasalAIMI2.kt:4655:40 Unresolved reference 'systemTime'.
e: file:///Users/mtr/StudioProjects/OpenApsAIMI/plugins/aps/src/main/kotlin/app/aaps/plugins/aps/openAPSAIMI/DetermineBasalAIMI2.kt:4813:39 Unresolved reference 'systemTime'.

FAILURE: Build failed with an exception.

* What went wrong:
Execution failed for task ':plugins:aps:compilePumpcontrolDebugKotlin'.
> A failure occurred while executing org.jetbrains.kotlin.compilerRunner.GradleCompilerRunnerWithWorkers$GradleKotlinCompilerWorkAction
   > Compilation error. See log for more details

* Try:
> Run with --stacktrace option to get the stack trace.
> Run with --info or --debug option to get more log output.
> Run with --scan to generate a Build Scan (Powered by Develocity).
> Get more help at https://help.gradle.org.

BUILD FAILED in 3s
94 actionable tasks: 1 executed, 93 up-to-date
